[    1227ms] Uncaught (in promise) targetSelector not found
    at value (https://forecast.lemonde.fr/sdk.js:1:261249)
    at <anonymous> (https://forecast.lemonde.fr/sdk.js:1:260893)
    at value (https://forecast.lemonde.fr/sdk.js:1:260571)
    at <anonymous> (https://forecast.lemonde.fr/sdk.js:1:319709)
    at <anonymous> (https://forecast.lemonde.fr/sdk.js:1:319917)
    at <anonymous> (https://forecast.lemonde.fr/sdk.js:1:319921)
    at <anonymous> (https://forecast.lemonde.fr/sdk.js:1:319925)
[    1228ms] Uncaught (in promise) targetSelector not found
    at value (https://forecast.lemonde.fr/sdk.js:1:261249)
    at <anonymous> (https://forecast.lemonde.fr/sdk.js:1:260893)
    at value (https://forecast.lemonde.fr/sdk.js:1:260571)
    at <anonymous> (https://forecast.lemonde.fr/sdk.js:1:319709)
    at <anonymous> (https://forecast.lemonde.fr/sdk.js:1:319917)
    at <anonymous> (https://forecast.lemonde.fr/sdk.js:1:319921)
    at <anonymous> (https://forecast.lemonde.fr/sdk.js:1:319925)
[    1231ms] Uncaught (in promise) targetSelector not found
    at value (https://forecast.lemonde.fr/sdk.js:1:261249)
    at <anonymous> (https://forecast.lemonde.fr/sdk.js:1:260893)
    at value (https://forecast.lemonde.fr/sdk.js:1:260571)
    at <anonymous> (https://forecast.lemonde.fr/sdk.js:1:319709)
    at <anonymous> (https://forecast.lemonde.fr/sdk.js:1:319917)
    at <anonymous> (https://forecast.lemonde.fr/sdk.js:1:319921)
    at <anonymous> (https://forecast.lemonde.fr/sdk.js:1:319925)
[    1233ms] Uncaught (in promise) targetSelector not found
    at value (https://forecast.lemonde.fr/sdk.js:1:261249)
    at <anonymous> (https://forecast.lemonde.fr/sdk.js:1:260893)
    at value (https://forecast.lemonde.fr/sdk.js:1:260571)
    at <anonymous> (https://forecast.lemonde.fr/sdk.js:1:319709)
    at <anonymous> (https://forecast.lemonde.fr/sdk.js:1:319917)
    at <anonymous> (https://forecast.lemonde.fr/sdk.js:1:319921)
    at <anonymous> (https://forecast.lemonde.fr/sdk.js:1:319925)
[    1236ms] Uncaught (in promise) targetSelector not found
    at value (https://forecast.lemonde.fr/sdk.js:1:261249)
    at <anonymous> (https://forecast.lemonde.fr/sdk.js:1:260893)
    at value (https://forecast.lemonde.fr/sdk.js:1:260571)
    at <anonymous> (https://forecast.lemonde.fr/sdk.js:1:319709)
    at <anonymous> (https://forecast.lemonde.fr/sdk.js:1:319917)
    at <anonymous> (https://forecast.lemonde.fr/sdk.js:1:319921)
    at <anonymous> (https://forecast.lemonde.fr/sdk.js:1:319925)
[    1262ms] TypeError: Cannot read properties of null (reading '__tcfapiCall')
    at https://www.lemonde.fr/politique/article/2026/03/27/budget-sebastien-lecornu-sonne-la-mobilisation-a-bercy-malgre-un-deficit-public-2025-plus-limite-que-prevu_6674482_823448.html:6:938
[    1676ms] [ERROR] Attestation check for Protected Audience on https://shb.richaudience.com failed. @ https://www.lemonde.fr/politique/article/2026/03/27/budget-sebastien-lecornu-sonne-la-mobilisation-a-bercy-malgre-un-deficit-public-2025-plus-limite-que-prevu_6674482_823448.html:0
[    1676ms] [ERROR] Attestation check for Protected Audience on https://shb.richaudience.com failed. @ https://www.lemonde.fr/politique/article/2026/03/27/budget-sebastien-lecornu-sonne-la-mobilisation-a-bercy-malgre-un-deficit-public-2025-plus-limite-que-prevu_6674482_823448.html:0
[    1676ms] [ERROR] Attestation check for Protected Audience on https://shb.richaudience.com failed. @ https://www.lemonde.fr/politique/article/2026/03/27/budget-sebastien-lecornu-sonne-la-mobilisation-a-bercy-malgre-un-deficit-public-2025-plus-limite-que-prevu_6674482_823448.html:0
[    1676ms] [ERROR] Attestation check for Protected Audience on https://ssb-global.smartadserver.com failed. @ https://www.lemonde.fr/politique/article/2026/03/27/budget-sebastien-lecornu-sonne-la-mobilisation-a-bercy-malgre-un-deficit-public-2025-plus-limite-que-prevu_6674482_823448.html:0
[    1676ms] [ERROR] Attestation check for Protected Audience on https://ssb-global.smartadserver.com failed. @ https://www.lemonde.fr/politique/article/2026/03/27/budget-sebastien-lecornu-sonne-la-mobilisation-a-bercy-malgre-un-deficit-public-2025-plus-limite-que-prevu_6674482_823448.html:0
[    1676ms] [ERROR] Attestation check for Protected Audience on https://ssb-global.smartadserver.com failed. @ https://www.lemonde.fr/politique/article/2026/03/27/budget-sebastien-lecornu-sonne-la-mobilisation-a-bercy-malgre-un-deficit-public-2025-plus-limite-que-prevu_6674482_823448.html:0
[    1676ms] [ERROR] Attestation check for Protected Audience on https://ssb-global.smartadserver.com failed. @ https://www.lemonde.fr/politique/article/2026/03/27/budget-sebastien-lecornu-sonne-la-mobilisation-a-bercy-malgre-un-deficit-public-2025-plus-limite-que-prevu_6674482_823448.html:0
[    1676ms] [ERROR] Attestation check for Protected Audience on https://ssb-global.smartadserver.com failed. @ https://www.lemonde.fr/politique/article/2026/03/27/budget-sebastien-lecornu-sonne-la-mobilisation-a-bercy-malgre-un-deficit-public-2025-plus-limite-que-prevu_6674482_823448.html:0
[    1676ms] [ERROR] Attestation check for Protected Audience on https://a.teads.tv failed. @ https://www.lemonde.fr/politique/article/2026/03/27/budget-sebastien-lecornu-sonne-la-mobilisation-a-bercy-malgre-un-deficit-public-2025-plus-limite-que-prevu_6674482_823448.html:0
[    1676ms] [ERROR] Attestation check for Protected Audience on https://b1h.outbrain.com failed. @ https://www.lemonde.fr/politique/article/2026/03/27/budget-sebastien-lecornu-sonne-la-mobilisation-a-bercy-malgre-un-deficit-public-2025-plus-limite-que-prevu_6674482_823448.html:0
[    1676ms] [ERROR] Attestation check for Protected Audience on https://shb.richaudience.com failed. @ https://www.lemonde.fr/politique/article/2026/03/27/budget-sebastien-lecornu-sonne-la-mobilisation-a-bercy-malgre-un-deficit-public-2025-plus-limite-que-prevu_6674482_823448.html:0
[    1676ms] [ERROR] Attestation check for Protected Audience on https://shb.richaudience.com failed. @ https://www.lemonde.fr/politique/article/2026/03/27/budget-sebastien-lecornu-sonne-la-mobilisation-a-bercy-malgre-un-deficit-public-2025-plus-limite-que-prevu_6674482_823448.html:0
[    1676ms] [ERROR] Attestation check for Protected Audience on https://shb.richaudience.com failed. @ https://www.lemonde.fr/politique/article/2026/03/27/budget-sebastien-lecornu-sonne-la-mobilisation-a-bercy-malgre-un-deficit-public-2025-plus-limite-que-prevu_6674482_823448.html:0
[    1676ms] [ERROR] Attestation check for Protected Audience on https://shb.richaudience.com failed. @ https://www.lemonde.fr/politique/article/2026/03/27/budget-sebastien-lecornu-sonne-la-mobilisation-a-bercy-malgre-un-deficit-public-2025-plus-limite-que-prevu_6674482_823448.html:0
[    1677ms] [ERROR] Attestation check for Protected Audience on https://fast.nexx360.io failed. @ https://www.lemonde.fr/politique/article/2026/03/27/budget-sebastien-lecornu-sonne-la-mobilisation-a-bercy-malgre-un-deficit-public-2025-plus-limite-que-prevu_6674482_823448.html:0
[    1678ms] [ERROR] Attestation check for Protected Audience on https://mweb-hb.presage.io failed. @ https://www.lemonde.fr/politique/article/2026/03/27/budget-sebastien-lecornu-sonne-la-mobilisation-a-bercy-malgre-un-deficit-public-2025-plus-limite-que-prevu_6674482_823448.html:0
[    1678ms] [ERROR] Attestation check for Protected Audience on https://prg.smartadserver.com failed. @ https://www.lemonde.fr/politique/article/2026/03/27/budget-sebastien-lecornu-sonne-la-mobilisation-a-bercy-malgre-un-deficit-public-2025-plus-limite-que-prevu_6674482_823448.html:0
[    1678ms] [ERROR] Attestation check for Protected Audience on https://prg.smartadserver.com failed. @ https://www.lemonde.fr/politique/article/2026/03/27/budget-sebastien-lecornu-sonne-la-mobilisation-a-bercy-malgre-un-deficit-public-2025-plus-limite-que-prevu_6674482_823448.html:0
[    1678ms] [ERROR] Attestation check for Protected Audience on https://prg.smartadserver.com failed. @ https://www.lemonde.fr/politique/article/2026/03/27/budget-sebastien-lecornu-sonne-la-mobilisation-a-bercy-malgre-un-deficit-public-2025-plus-limite-que-prevu_6674482_823448.html:0
[    1678ms] [ERROR] Attestation check for Protected Audience on https://prg.smartadserver.com failed. @ https://www.lemonde.fr/politique/article/2026/03/27/budget-sebastien-lecornu-sonne-la-mobilisation-a-bercy-malgre-un-deficit-public-2025-plus-limite-que-prevu_6674482_823448.html:0
[    1678ms] [ERROR] Attestation check for Protected Audience on https://g2.gumgum.com failed. @ https://www.lemonde.fr/politique/article/2026/03/27/budget-sebastien-lecornu-sonne-la-mobilisation-a-bercy-malgre-un-deficit-public-2025-plus-limite-que-prevu_6674482_823448.html:0
[    1678ms] [ERROR] Attestation check for Protected Audience on https://pbs-front.mediasquare.fr failed. @ https://www.lemonde.fr/politique/article/2026/03/27/budget-sebastien-lecornu-sonne-la-mobilisation-a-bercy-malgre-un-deficit-public-2025-plus-limite-que-prevu_6674482_823448.html:0
[    1678ms] [ERROR] Attestation check for Protected Audience on https://direct.adsrvr.org failed. @ https://www.lemonde.fr/politique/article/2026/03/27/budget-sebastien-lecornu-sonne-la-mobilisation-a-bercy-malgre-un-deficit-public-2025-plus-limite-que-prevu_6674482_823448.html:0
[    1678ms] [ERROR] Attestation check for Protected Audience on https://ib.adnxs.com failed. @ https://www.lemonde.fr/politique/article/2026/03/27/budget-sebastien-lecornu-sonne-la-mobilisation-a-bercy-malgre-un-deficit-public-2025-plus-limite-que-prevu_6674482_823448.html:0
[    1678ms] [ERROR] Attestation check for Protected Audience on https://pbjs.sskzlabs.com failed. @ https://www.lemonde.fr/politique/article/2026/03/27/budget-sebastien-lecornu-sonne-la-mobilisation-a-bercy-malgre-un-deficit-public-2025-plus-limite-que-prevu_6674482_823448.html:0
[    1679ms] [ERROR] Attestation check for Protected Audience on https://htlb.casalemedia.com failed. @ https://www.lemonde.fr/politique/article/2026/03/27/budget-sebastien-lecornu-sonne-la-mobilisation-a-bercy-malgre-un-deficit-public-2025-plus-limite-que-prevu_6674482_823448.html:0
[    1679ms] [ERROR] Attestation check for Protected Audience on https://prebid.videostep.com failed. @ https://www.lemonde.fr/politique/article/2026/03/27/budget-sebastien-lecornu-sonne-la-mobilisation-a-bercy-malgre-un-deficit-public-2025-plus-limite-que-prevu_6674482_823448.html:0
[    1679ms] [ERROR] Attestation check for Protected Audience on https://tlx.3lift.com failed. @ https://www.lemonde.fr/politique/article/2026/03/27/budget-sebastien-lecornu-sonne-la-mobilisation-a-bercy-malgre-un-deficit-public-2025-plus-limite-que-prevu_6674482_823448.html:0
[    1707ms] [ERROR] Attestation check for Protected Audience on https://ad.360yield.com failed. @ https://www.lemonde.fr/politique/article/2026/03/27/budget-sebastien-lecornu-sonne-la-mobilisation-a-bercy-malgre-un-deficit-public-2025-plus-limite-que-prevu_6674482_823448.html:0
[    1709ms] [ERROR] Attestation check for Protected Audience on https://ad.360yield.com failed. @ https://www.lemonde.fr/politique/article/2026/03/27/budget-sebastien-lecornu-sonne-la-mobilisation-a-bercy-malgre-un-deficit-public-2025-plus-limite-que-prevu_6674482_823448.html:0
[    1709ms] [ERROR] Attestation check for Protected Audience on https://ad.360yield.com failed. @ https://www.lemonde.fr/politique/article/2026/03/27/budget-sebastien-lecornu-sonne-la-mobilisation-a-bercy-malgre-un-deficit-public-2025-plus-limite-que-prevu_6674482_823448.html:0
[    1710ms] [ERROR] Attestation check for Protected Audience on https://grid-bidder.criteo.com failed. @ https://www.lemonde.fr/politique/article/2026/03/27/budget-sebastien-lecornu-sonne-la-mobilisation-a-bercy-malgre-un-deficit-public-2025-plus-limite-que-prevu_6674482_823448.html:0
[    3119ms] [ERROR] Attestation check for Attribution Reporting on https://www.facebook.com failed. @ https://www.lemonde.fr/politique/article/2026/03/27/budget-sebastien-lecornu-sonne-la-mobilisation-a-bercy-malgre-un-deficit-public-2025-plus-limite-que-prevu_6674482_823448.html:0
[    3119ms] [ERROR] Attestation check for Attribution Reporting on https://www.facebook.com failed. @ https://www.lemonde.fr/politique/article/2026/03/27/budget-sebastien-lecornu-sonne-la-mobilisation-a-bercy-malgre-un-deficit-public-2025-plus-limite-que-prevu_6674482_823448.html:0
[    3691ms] [ERROR] Attestation check for Shared Storage on https://www.googleadservices.com failed. @ https://www.googleadservices.com/pagead/managed/js/activeview/current/reach_worklet.html:0
[    3795ms] [ERROR] Attestation check for Shared Storage on https://www.googleadservices.com failed. @ https://www.googleadservices.com/pagead/managed/js/activeview/current/reach_worklet.html:0
[   28554ms] [ERROR] Attestation check for Protected Audience on https://fast.nexx360.io failed. @ https://www.lemonde.fr/politique/article/2026/03/27/budget-sebastien-lecornu-sonne-la-mobilisation-a-bercy-malgre-un-deficit-public-2025-plus-limite-que-prevu_6674482_823448.html:0
[   28554ms] [ERROR] Attestation check for Protected Audience on https://b1h.outbrain.com failed. @ https://www.lemonde.fr/politique/article/2026/03/27/budget-sebastien-lecornu-sonne-la-mobilisation-a-bercy-malgre-un-deficit-public-2025-plus-limite-que-prevu_6674482_823448.html:0
[   28554ms] [ERROR] Attestation check for Protected Audience on https://g2.gumgum.com failed. @ https://www.lemonde.fr/politique/article/2026/03/27/budget-sebastien-lecornu-sonne-la-mobilisation-a-bercy-malgre-un-deficit-public-2025-plus-limite-que-prevu_6674482_823448.html:0
[   28555ms] [ERROR] Attestation check for Protected Audience on https://shb.richaudience.com failed. @ https://www.lemonde.fr/politique/article/2026/03/27/budget-sebastien-lecornu-sonne-la-mobilisation-a-bercy-malgre-un-deficit-public-2025-plus-limite-que-prevu_6674482_823448.html:0
[   28555ms] [ERROR] Attestation check for Protected Audience on https://shb.richaudience.com failed. @ https://www.lemonde.fr/politique/article/2026/03/27/budget-sebastien-lecornu-sonne-la-mobilisation-a-bercy-malgre-un-deficit-public-2025-plus-limite-que-prevu_6674482_823448.html:0
[   28555ms] [ERROR] Attestation check for Protected Audience on https://shb.richaudience.com failed. @ https://www.lemonde.fr/politique/article/2026/03/27/budget-sebastien-lecornu-sonne-la-mobilisation-a-bercy-malgre-un-deficit-public-2025-plus-limite-que-prevu_6674482_823448.html:0
[   28555ms] [ERROR] Attestation check for Protected Audience on https://htlb.casalemedia.com failed. @ https://www.lemonde.fr/politique/article/2026/03/27/budget-sebastien-lecornu-sonne-la-mobilisation-a-bercy-malgre-un-deficit-public-2025-plus-limite-que-prevu_6674482_823448.html:0
[   28555ms] [ERROR] Attestation check for Protected Audience on https://prg.smartadserver.com failed. @ https://www.lemonde.fr/politique/article/2026/03/27/budget-sebastien-lecornu-sonne-la-mobilisation-a-bercy-malgre-un-deficit-public-2025-plus-limite-que-prevu_6674482_823448.html:0
[   28555ms] [ERROR] Attestation check for Protected Audience on https://prg.smartadserver.com failed. @ https://www.lemonde.fr/politique/article/2026/03/27/budget-sebastien-lecornu-sonne-la-mobilisation-a-bercy-malgre-un-deficit-public-2025-plus-limite-que-prevu_6674482_823448.html:0
[   28555ms] [ERROR] Attestation check for Protected Audience on https://mweb-hb.presage.io failed. @ https://www.lemonde.fr/politique/article/2026/03/27/budget-sebastien-lecornu-sonne-la-mobilisation-a-bercy-malgre-un-deficit-public-2025-plus-limite-que-prevu_6674482_823448.html:0
[   28555ms] [ERROR] Attestation check for Protected Audience on https://direct.adsrvr.org failed. @ https://www.lemonde.fr/politique/article/2026/03/27/budget-sebastien-lecornu-sonne-la-mobilisation-a-bercy-malgre-un-deficit-public-2025-plus-limite-que-prevu_6674482_823448.html:0
[   28555ms] [ERROR] Attestation check for Protected Audience on https://pbs-front.mediasquare.fr failed. @ https://www.lemonde.fr/politique/article/2026/03/27/budget-sebastien-lecornu-sonne-la-mobilisation-a-bercy-malgre-un-deficit-public-2025-plus-limite-que-prevu_6674482_823448.html:0
[   28555ms] [ERROR] Attestation check for Protected Audience on https://ib.adnxs.com failed. @ https://www.lemonde.fr/politique/article/2026/03/27/budget-sebastien-lecornu-sonne-la-mobilisation-a-bercy-malgre-un-deficit-public-2025-plus-limite-que-prevu_6674482_823448.html:0
[   28555ms] [ERROR] Attestation check for Protected Audience on https://tlx.3lift.com failed. @ https://www.lemonde.fr/politique/article/2026/03/27/budget-sebastien-lecornu-sonne-la-mobilisation-a-bercy-malgre-un-deficit-public-2025-plus-limite-que-prevu_6674482_823448.html:0
[   28555ms] [ERROR] Attestation check for Protected Audience on https://ssb-global.smartadserver.com failed. @ https://www.lemonde.fr/politique/article/2026/03/27/budget-sebastien-lecornu-sonne-la-mobilisation-a-bercy-malgre-un-deficit-public-2025-plus-limite-que-prevu_6674482_823448.html:0
[   28555ms] [ERROR] Attestation check for Protected Audience on https://ssb-global.smartadserver.com failed. @ https://www.lemonde.fr/politique/article/2026/03/27/budget-sebastien-lecornu-sonne-la-mobilisation-a-bercy-malgre-un-deficit-public-2025-plus-limite-que-prevu_6674482_823448.html:0
[   28555ms] [ERROR] Attestation check for Protected Audience on https://pbjs.sskzlabs.com failed. @ https://www.lemonde.fr/politique/article/2026/03/27/budget-sebastien-lecornu-sonne-la-mobilisation-a-bercy-malgre-un-deficit-public-2025-plus-limite-que-prevu_6674482_823448.html:0
[   28568ms] [ERROR] Attestation check for Protected Audience on https://ad.360yield.com failed. @ https://www.lemonde.fr/politique/article/2026/03/27/budget-sebastien-lecornu-sonne-la-mobilisation-a-bercy-malgre-un-deficit-public-2025-plus-limite-que-prevu_6674482_823448.html:0
[   28569ms] [ERROR] Attestation check for Protected Audience on https://grid-bidder.criteo.com failed. @ https://www.lemonde.fr/politique/article/2026/03/27/budget-sebastien-lecornu-sonne-la-mobilisation-a-bercy-malgre-un-deficit-public-2025-plus-limite-que-prevu_6674482_823448.html:0
[    3691ms] [ERROR] Attestation check for Shared Storage on https://www.googleadservices.com failed. @ https://www.googleadservices.com/pagead/managed/js/activeview/current/reach_worklet.html:0
[    3795ms] [ERROR] Attestation check for Shared Storage on https://www.googleadservices.com failed. @ https://www.googleadservices.com/pagead/managed/js/activeview/current/reach_worklet.html:0
[   31673ms] [ERROR] Attestation check for Shared Storage on https://www.googleadservices.com failed. @ https://www.googleadservices.com/pagead/managed/js/activeview/current/reach_worklet.html:0
[   56771ms] [ERROR] Attestation check for Protected Audience on https://ssb-global.smartadserver.com failed. @ https://www.lemonde.fr/politique/article/2026/03/27/budget-sebastien-lecornu-sonne-la-mobilisation-a-bercy-malgre-un-deficit-public-2025-plus-limite-que-prevu_6674482_823448.html:0
[   56771ms] [ERROR] Attestation check for Protected Audience on https://ssb-global.smartadserver.com failed. @ https://www.lemonde.fr/politique/article/2026/03/27/budget-sebastien-lecornu-sonne-la-mobilisation-a-bercy-malgre-un-deficit-public-2025-plus-limite-que-prevu_6674482_823448.html:0
[   56771ms] [ERROR] Attestation check for Protected Audience on https://b1h.outbrain.com failed. @ https://www.lemonde.fr/politique/article/2026/03/27/budget-sebastien-lecornu-sonne-la-mobilisation-a-bercy-malgre-un-deficit-public-2025-plus-limite-que-prevu_6674482_823448.html:0
[   56771ms] [ERROR] Attestation check for Protected Audience on https://direct.adsrvr.org failed. @ https://www.lemonde.fr/politique/article/2026/03/27/budget-sebastien-lecornu-sonne-la-mobilisation-a-bercy-malgre-un-deficit-public-2025-plus-limite-que-prevu_6674482_823448.html:0
[   56771ms] [ERROR] Attestation check for Protected Audience on https://fast.nexx360.io failed. @ https://www.lemonde.fr/politique/article/2026/03/27/budget-sebastien-lecornu-sonne-la-mobilisation-a-bercy-malgre-un-deficit-public-2025-plus-limite-que-prevu_6674482_823448.html:0
[   56771ms] [ERROR] Attestation check for Protected Audience on https://shb.richaudience.com failed. @ https://www.lemonde.fr/politique/article/2026/03/27/budget-sebastien-lecornu-sonne-la-mobilisation-a-bercy-malgre-un-deficit-public-2025-plus-limite-que-prevu_6674482_823448.html:0
[   56771ms] [ERROR] Attestation check for Protected Audience on https://pbs-front.mediasquare.fr failed. @ https://www.lemonde.fr/politique/article/2026/03/27/budget-sebastien-lecornu-sonne-la-mobilisation-a-bercy-malgre-un-deficit-public-2025-plus-limite-que-prevu_6674482_823448.html:0
[   56772ms] [ERROR] Attestation check for Protected Audience on https://pbjs.sskzlabs.com failed. @ https://www.lemonde.fr/politique/article/2026/03/27/budget-sebastien-lecornu-sonne-la-mobilisation-a-bercy-malgre-un-deficit-public-2025-plus-limite-que-prevu_6674482_823448.html:0
[   56772ms] [ERROR] Attestation check for Protected Audience on https://htlb.casalemedia.com failed. @ https://www.lemonde.fr/politique/article/2026/03/27/budget-sebastien-lecornu-sonne-la-mobilisation-a-bercy-malgre-un-deficit-public-2025-plus-limite-que-prevu_6674482_823448.html:0
[   56772ms] [ERROR] Attestation check for Protected Audience on https://ib.adnxs.com failed. @ https://www.lemonde.fr/politique/article/2026/03/27/budget-sebastien-lecornu-sonne-la-mobilisation-a-bercy-malgre-un-deficit-public-2025-plus-limite-que-prevu_6674482_823448.html:0
[   56772ms] [ERROR] Attestation check for Protected Audience on https://prg.smartadserver.com failed. @ https://www.lemonde.fr/politique/article/2026/03/27/budget-sebastien-lecornu-sonne-la-mobilisation-a-bercy-malgre-un-deficit-public-2025-plus-limite-que-prevu_6674482_823448.html:0
[   56772ms] [ERROR] Attestation check for Protected Audience on https://prg.smartadserver.com failed. @ https://www.lemonde.fr/politique/article/2026/03/27/budget-sebastien-lecornu-sonne-la-mobilisation-a-bercy-malgre-un-deficit-public-2025-plus-limite-que-prevu_6674482_823448.html:0
[   56772ms] [ERROR] Attestation check for Protected Audience on https://mweb-hb.presage.io failed. @ https://www.lemonde.fr/politique/article/2026/03/27/budget-sebastien-lecornu-sonne-la-mobilisation-a-bercy-malgre-un-deficit-public-2025-plus-limite-que-prevu_6674482_823448.html:0
[   56772ms] [ERROR] Attestation check for Protected Audience on https://tlx.3lift.com failed. @ https://www.lemonde.fr/politique/article/2026/03/27/budget-sebastien-lecornu-sonne-la-mobilisation-a-bercy-malgre-un-deficit-public-2025-plus-limite-que-prevu_6674482_823448.html:0
[   56772ms] [ERROR] Attestation check for Protected Audience on https://g2.gumgum.com failed. @ https://www.lemonde.fr/politique/article/2026/03/27/budget-sebastien-lecornu-sonne-la-mobilisation-a-bercy-malgre-un-deficit-public-2025-plus-limite-que-prevu_6674482_823448.html:0
[   56772ms] [ERROR] Attestation check for Protected Audience on https://shb.richaudience.com failed. @ https://www.lemonde.fr/politique/article/2026/03/27/budget-sebastien-lecornu-sonne-la-mobilisation-a-bercy-malgre-un-deficit-public-2025-plus-limite-que-prevu_6674482_823448.html:0
[   56773ms] [ERROR] Attestation check for Protected Audience on https://shb.richaudience.com failed. @ https://www.lemonde.fr/politique/article/2026/03/27/budget-sebastien-lecornu-sonne-la-mobilisation-a-bercy-malgre-un-deficit-public-2025-plus-limite-que-prevu_6674482_823448.html:0
[   56784ms] [ERROR] Attestation check for Protected Audience on https://ad.360yield.com failed. @ https://www.lemonde.fr/politique/article/2026/03/27/budget-sebastien-lecornu-sonne-la-mobilisation-a-bercy-malgre-un-deficit-public-2025-plus-limite-que-prevu_6674482_823448.html:0
[   56784ms] [ERROR] Attestation check for Protected Audience on https://grid-bidder.criteo.com failed. @ https://www.lemonde.fr/politique/article/2026/03/27/budget-sebastien-lecornu-sonne-la-mobilisation-a-bercy-malgre-un-deficit-public-2025-plus-limite-que-prevu_6674482_823448.html:0
[    3691ms] [ERROR] Attestation check for Shared Storage on https://www.googleadservices.com failed. @ https://www.googleadservices.com/pagead/managed/js/activeview/current/reach_worklet.html:0
[    3795ms] [ERROR] Attestation check for Shared Storage on https://www.googleadservices.com failed. @ https://www.googleadservices.com/pagead/managed/js/activeview/current/reach_worklet.html:0
[   31673ms] [ERROR] Attestation check for Shared Storage on https://www.googleadservices.com failed. @ https://www.googleadservices.com/pagead/managed/js/activeview/current/reach_worklet.html:0
[   59870ms] [ERROR] Attestation check for Shared Storage on https://www.googleadservices.com failed. @ https://www.googleadservices.com/pagead/managed/js/activeview/current/reach_worklet.html:0
[   84935ms] [ERROR] Attestation check for Protected Audience on https://ib.adnxs.com failed. @ https://www.lemonde.fr/politique/article/2026/03/27/budget-sebastien-lecornu-sonne-la-mobilisation-a-bercy-malgre-un-deficit-public-2025-plus-limite-que-prevu_6674482_823448.html:0
[   84935ms] [ERROR] Attestation check for Protected Audience on https://direct.adsrvr.org failed. @ https://www.lemonde.fr/politique/article/2026/03/27/budget-sebastien-lecornu-sonne-la-mobilisation-a-bercy-malgre-un-deficit-public-2025-plus-limite-que-prevu_6674482_823448.html:0
[   84935ms] [ERROR] Attestation check for Protected Audience on https://pbjs.sskzlabs.com failed. @ https://www.lemonde.fr/politique/article/2026/03/27/budget-sebastien-lecornu-sonne-la-mobilisation-a-bercy-malgre-un-deficit-public-2025-plus-limite-que-prevu_6674482_823448.html:0
[   84935ms] [ERROR] Attestation check for Protected Audience on https://mweb-hb.presage.io failed. @ https://www.lemonde.fr/politique/article/2026/03/27/budget-sebastien-lecornu-sonne-la-mobilisation-a-bercy-malgre-un-deficit-public-2025-plus-limite-que-prevu_6674482_823448.html:0
[   84935ms] [ERROR] Attestation check for Protected Audience on https://htlb.casalemedia.com failed. @ https://www.lemonde.fr/politique/article/2026/03/27/budget-sebastien-lecornu-sonne-la-mobilisation-a-bercy-malgre-un-deficit-public-2025-plus-limite-que-prevu_6674482_823448.html:0
[   84935ms] [ERROR] Attestation check for Protected Audience on https://shb.richaudience.com failed. @ https://www.lemonde.fr/politique/article/2026/03/27/budget-sebastien-lecornu-sonne-la-mobilisation-a-bercy-malgre-un-deficit-public-2025-plus-limite-que-prevu_6674482_823448.html:0
[   84935ms] [ERROR] Attestation check for Protected Audience on https://fast.nexx360.io failed. @ https://www.lemonde.fr/politique/article/2026/03/27/budget-sebastien-lecornu-sonne-la-mobilisation-a-bercy-malgre-un-deficit-public-2025-plus-limite-que-prevu_6674482_823448.html:0
[   84935ms] [ERROR] Attestation check for Protected Audience on https://ssb-global.smartadserver.com failed. @ https://www.lemonde.fr/politique/article/2026/03/27/budget-sebastien-lecornu-sonne-la-mobilisation-a-bercy-malgre-un-deficit-public-2025-plus-limite-que-prevu_6674482_823448.html:0
[   84935ms] [ERROR] Attestation check for Protected Audience on https://ssb-global.smartadserver.com failed. @ https://www.lemonde.fr/politique/article/2026/03/27/budget-sebastien-lecornu-sonne-la-mobilisation-a-bercy-malgre-un-deficit-public-2025-plus-limite-que-prevu_6674482_823448.html:0
[   84935ms] [ERROR] Attestation check for Protected Audience on https://g2.gumgum.com failed. @ https://www.lemonde.fr/politique/article/2026/03/27/budget-sebastien-lecornu-sonne-la-mobilisation-a-bercy-malgre-un-deficit-public-2025-plus-limite-que-prevu_6674482_823448.html:0
[   84935ms] [ERROR] Attestation check for Protected Audience on https://pbs-front.mediasquare.fr failed. @ https://www.lemonde.fr/politique/article/2026/03/27/budget-sebastien-lecornu-sonne-la-mobilisation-a-bercy-malgre-un-deficit-public-2025-plus-limite-que-prevu_6674482_823448.html:0
[   84935ms] [ERROR] Attestation check for Protected Audience on https://tlx.3lift.com failed. @ https://www.lemonde.fr/politique/article/2026/03/27/budget-sebastien-lecornu-sonne-la-mobilisation-a-bercy-malgre-un-deficit-public-2025-plus-limite-que-prevu_6674482_823448.html:0
[   84935ms] [ERROR] Attestation check for Protected Audience on https://b1h.outbrain.com failed. @ https://www.lemonde.fr/politique/article/2026/03/27/budget-sebastien-lecornu-sonne-la-mobilisation-a-bercy-malgre-un-deficit-public-2025-plus-limite-que-prevu_6674482_823448.html:0
[   84935ms] [ERROR] Attestation check for Protected Audience on https://prg.smartadserver.com failed. @ https://www.lemonde.fr/politique/article/2026/03/27/budget-sebastien-lecornu-sonne-la-mobilisation-a-bercy-malgre-un-deficit-public-2025-plus-limite-que-prevu_6674482_823448.html:0
[   84935ms] [ERROR] Attestation check for Protected Audience on https://prg.smartadserver.com failed. @ https://www.lemonde.fr/politique/article/2026/03/27/budget-sebastien-lecornu-sonne-la-mobilisation-a-bercy-malgre-un-deficit-public-2025-plus-limite-que-prevu_6674482_823448.html:0
[   84935ms] [ERROR] Attestation check for Protected Audience on https://shb.richaudience.com failed. @ https://www.lemonde.fr/politique/article/2026/03/27/budget-sebastien-lecornu-sonne-la-mobilisation-a-bercy-malgre-un-deficit-public-2025-plus-limite-que-prevu_6674482_823448.html:0
[   84935ms] [ERROR] Attestation check for Protected Audience on https://shb.richaudience.com failed. @ https://www.lemonde.fr/politique/article/2026/03/27/budget-sebastien-lecornu-sonne-la-mobilisation-a-bercy-malgre-un-deficit-public-2025-plus-limite-que-prevu_6674482_823448.html:0
[   84940ms] [ERROR] Attestation check for Protected Audience on https://grid-bidder.criteo.com failed. @ https://www.lemonde.fr/politique/article/2026/03/27/budget-sebastien-lecornu-sonne-la-mobilisation-a-bercy-malgre-un-deficit-public-2025-plus-limite-que-prevu_6674482_823448.html:0
[   84940ms] [ERROR] Attestation check for Protected Audience on https://ad.360yield.com failed. @ https://www.lemonde.fr/politique/article/2026/03/27/budget-sebastien-lecornu-sonne-la-mobilisation-a-bercy-malgre-un-deficit-public-2025-plus-limite-que-prevu_6674482_823448.html:0
[    3691ms] [ERROR] Attestation check for Shared Storage on https://www.googleadservices.com failed. @ https://www.googleadservices.com/pagead/managed/js/activeview/current/reach_worklet.html:0
[    3795ms] [ERROR] Attestation check for Shared Storage on https://www.googleadservices.com failed. @ https://www.googleadservices.com/pagead/managed/js/activeview/current/reach_worklet.html:0
[   31673ms] [ERROR] Attestation check for Shared Storage on https://www.googleadservices.com failed. @ https://www.googleadservices.com/pagead/managed/js/activeview/current/reach_worklet.html:0
[   59870ms] [ERROR] Attestation check for Shared Storage on https://www.googleadservices.com failed. @ https://www.googleadservices.com/pagead/managed/js/activeview/current/reach_worklet.html:0
[   88100ms] [ERROR] Attestation check for Shared Storage on https://www.googleadservices.com failed. @ https://www.googleadservices.com/pagead/managed/js/activeview/current/reach_worklet.html:0
[  113147ms] [ERROR] Attestation check for Protected Audience on https://pbjs.sskzlabs.com failed. @ https://www.lemonde.fr/politique/article/2026/03/27/budget-sebastien-lecornu-sonne-la-mobilisation-a-bercy-malgre-un-deficit-public-2025-plus-limite-que-prevu_6674482_823448.html:0
[  113147ms] [ERROR] Attestation check for Protected Audience on https://fast.nexx360.io failed. @ https://www.lemonde.fr/politique/article/2026/03/27/budget-sebastien-lecornu-sonne-la-mobilisation-a-bercy-malgre-un-deficit-public-2025-plus-limite-que-prevu_6674482_823448.html:0
[  113147ms] [ERROR] Attestation check for Protected Audience on https://htlb.casalemedia.com failed. @ https://www.lemonde.fr/politique/article/2026/03/27/budget-sebastien-lecornu-sonne-la-mobilisation-a-bercy-malgre-un-deficit-public-2025-plus-limite-que-prevu_6674482_823448.html:0
[  113147ms] [ERROR] Attestation check for Protected Audience on https://g2.gumgum.com failed. @ https://www.lemonde.fr/politique/article/2026/03/27/budget-sebastien-lecornu-sonne-la-mobilisation-a-bercy-malgre-un-deficit-public-2025-plus-limite-que-prevu_6674482_823448.html:0
[  113147ms] [ERROR] Attestation check for Protected Audience on https://tlx.3lift.com failed. @ https://www.lemonde.fr/politique/article/2026/03/27/budget-sebastien-lecornu-sonne-la-mobilisation-a-bercy-malgre-un-deficit-public-2025-plus-limite-que-prevu_6674482_823448.html:0
[  113147ms] [ERROR] Attestation check for Protected Audience on https://pbs-front.mediasquare.fr failed. @ https://www.lemonde.fr/politique/article/2026/03/27/budget-sebastien-lecornu-sonne-la-mobilisation-a-bercy-malgre-un-deficit-public-2025-plus-limite-que-prevu_6674482_823448.html:0
[  113147ms] [ERROR] Attestation check for Protected Audience on https://shb.richaudience.com failed. @ https://www.lemonde.fr/politique/article/2026/03/27/budget-sebastien-lecornu-sonne-la-mobilisation-a-bercy-malgre-un-deficit-public-2025-plus-limite-que-prevu_6674482_823448.html:0
[  113147ms] [ERROR] Attestation check for Protected Audience on https://direct.adsrvr.org failed. @ https://www.lemonde.fr/politique/article/2026/03/27/budget-sebastien-lecornu-sonne-la-mobilisation-a-bercy-malgre-un-deficit-public-2025-plus-limite-que-prevu_6674482_823448.html:0
[  113147ms] [ERROR] Attestation check for Protected Audience on https://ib.adnxs.com failed. @ https://www.lemonde.fr/politique/article/2026/03/27/budget-sebastien-lecornu-sonne-la-mobilisation-a-bercy-malgre-un-deficit-public-2025-plus-limite-que-prevu_6674482_823448.html:0
[  113147ms] [ERROR] Attestation check for Protected Audience on https://shb.richaudience.com failed. @ https://www.lemonde.fr/politique/article/2026/03/27/budget-sebastien-lecornu-sonne-la-mobilisation-a-bercy-malgre-un-deficit-public-2025-plus-limite-que-prevu_6674482_823448.html:0
[  113147ms] [ERROR] Attestation check for Protected Audience on https://shb.richaudience.com failed. @ https://www.lemonde.fr/politique/article/2026/03/27/budget-sebastien-lecornu-sonne-la-mobilisation-a-bercy-malgre-un-deficit-public-2025-plus-limite-que-prevu_6674482_823448.html:0
[  113147ms] [ERROR] Attestation check for Protected Audience on https://ssb-global.smartadserver.com failed. @ https://www.lemonde.fr/politique/article/2026/03/27/budget-sebastien-lecornu-sonne-la-mobilisation-a-bercy-malgre-un-deficit-public-2025-plus-limite-que-prevu_6674482_823448.html:0
[  113147ms] [ERROR] Attestation check for Protected Audience on https://ssb-global.smartadserver.com failed. @ https://www.lemonde.fr/politique/article/2026/03/27/budget-sebastien-lecornu-sonne-la-mobilisation-a-bercy-malgre-un-deficit-public-2025-plus-limite-que-prevu_6674482_823448.html:0
[  113147ms] [ERROR] Attestation check for Protected Audience on https://mweb-hb.presage.io failed. @ https://www.lemonde.fr/politique/article/2026/03/27/budget-sebastien-lecornu-sonne-la-mobilisation-a-bercy-malgre-un-deficit-public-2025-plus-limite-que-prevu_6674482_823448.html:0
[  113148ms] [ERROR] Attestation check for Protected Audience on https://prg.smartadserver.com failed. @ https://www.lemonde.fr/politique/article/2026/03/27/budget-sebastien-lecornu-sonne-la-mobilisation-a-bercy-malgre-un-deficit-public-2025-plus-limite-que-prevu_6674482_823448.html:0
[  113148ms] [ERROR] Attestation check for Protected Audience on https://prg.smartadserver.com failed. @ https://www.lemonde.fr/politique/article/2026/03/27/budget-sebastien-lecornu-sonne-la-mobilisation-a-bercy-malgre-un-deficit-public-2025-plus-limite-que-prevu_6674482_823448.html:0
[  113148ms] [ERROR] Attestation check for Protected Audience on https://b1h.outbrain.com failed. @ https://www.lemonde.fr/politique/article/2026/03/27/budget-sebastien-lecornu-sonne-la-mobilisation-a-bercy-malgre-un-deficit-public-2025-plus-limite-que-prevu_6674482_823448.html:0
[  113151ms] [ERROR] Attestation check for Protected Audience on https://grid-bidder.criteo.com failed. @ https://www.lemonde.fr/politique/article/2026/03/27/budget-sebastien-lecornu-sonne-la-mobilisation-a-bercy-malgre-un-deficit-public-2025-plus-limite-que-prevu_6674482_823448.html:0
[  113154ms] [ERROR] Attestation check for Protected Audience on https://ad.360yield.com failed. @ https://www.lemonde.fr/politique/article/2026/03/27/budget-sebastien-lecornu-sonne-la-mobilisation-a-bercy-malgre-un-deficit-public-2025-plus-limite-que-prevu_6674482_823448.html:0
[    3691ms] [ERROR] Attestation check for Shared Storage on https://www.googleadservices.com failed. @ https://www.googleadservices.com/pagead/managed/js/activeview/current/reach_worklet.html:0
[    3795ms] [ERROR] Attestation check for Shared Storage on https://www.googleadservices.com failed. @ https://www.googleadservices.com/pagead/managed/js/activeview/current/reach_worklet.html:0
[   31673ms] [ERROR] Attestation check for Shared Storage on https://www.googleadservices.com failed. @ https://www.googleadservices.com/pagead/managed/js/activeview/current/reach_worklet.html:0
[   59870ms] [ERROR] Attestation check for Shared Storage on https://www.googleadservices.com failed. @ https://www.googleadservices.com/pagead/managed/js/activeview/current/reach_worklet.html:0
[   88100ms] [ERROR] Attestation check for Shared Storage on https://www.googleadservices.com failed. @ https://www.googleadservices.com/pagead/managed/js/activeview/current/reach_worklet.html:0
[  116259ms] [ERROR] Attestation check for Shared Storage on https://www.googleadservices.com failed. @ https://www.googleadservices.com/pagead/managed/js/activeview/current/reach_worklet.html:0
[  141315ms] [ERROR] Attestation check for Protected Audience on https://pbs-front.mediasquare.fr failed. @ https://www.lemonde.fr/politique/article/2026/03/27/budget-sebastien-lecornu-sonne-la-mobilisation-a-bercy-malgre-un-deficit-public-2025-plus-limite-que-prevu_6674482_823448.html:0
[  141315ms] [ERROR] Attestation check for Protected Audience on https://direct.adsrvr.org failed. @ https://www.lemonde.fr/politique/article/2026/03/27/budget-sebastien-lecornu-sonne-la-mobilisation-a-bercy-malgre-un-deficit-public-2025-plus-limite-que-prevu_6674482_823448.html:0
[  141315ms] [ERROR] Attestation check for Protected Audience on https://ib.adnxs.com failed. @ https://www.lemonde.fr/politique/article/2026/03/27/budget-sebastien-lecornu-sonne-la-mobilisation-a-bercy-malgre-un-deficit-public-2025-plus-limite-que-prevu_6674482_823448.html:0
[  141315ms] [ERROR] Attestation check for Protected Audience on https://g2.gumgum.com failed. @ https://www.lemonde.fr/politique/article/2026/03/27/budget-sebastien-lecornu-sonne-la-mobilisation-a-bercy-malgre-un-deficit-public-2025-plus-limite-que-prevu_6674482_823448.html:0
[  141315ms] [ERROR] Attestation check for Protected Audience on https://pbjs.sskzlabs.com failed. @ https://www.lemonde.fr/politique/article/2026/03/27/budget-sebastien-lecornu-sonne-la-mobilisation-a-bercy-malgre-un-deficit-public-2025-plus-limite-que-prevu_6674482_823448.html:0
[  141315ms] [ERROR] Attestation check for Protected Audience on https://mweb-hb.presage.io failed. @ https://www.lemonde.fr/politique/article/2026/03/27/budget-sebastien-lecornu-sonne-la-mobilisation-a-bercy-malgre-un-deficit-public-2025-plus-limite-que-prevu_6674482_823448.html:0
[  141315ms] [ERROR] Attestation check for Protected Audience on https://htlb.casalemedia.com failed. @ https://www.lemonde.fr/politique/article/2026/03/27/budget-sebastien-lecornu-sonne-la-mobilisation-a-bercy-malgre-un-deficit-public-2025-plus-limite-que-prevu_6674482_823448.html:0
[  141315ms] [ERROR] Attestation check for Protected Audience on https://shb.richaudience.com failed. @ https://www.lemonde.fr/politique/article/2026/03/27/budget-sebastien-lecornu-sonne-la-mobilisation-a-bercy-malgre-un-deficit-public-2025-plus-limite-que-prevu_6674482_823448.html:0
[  141315ms] [ERROR] Attestation check for Protected Audience on https://shb.richaudience.com failed. @ https://www.lemonde.fr/politique/article/2026/03/27/budget-sebastien-lecornu-sonne-la-mobilisation-a-bercy-malgre-un-deficit-public-2025-plus-limite-que-prevu_6674482_823448.html:0
[  141315ms] [ERROR] Attestation check for Protected Audience on https://b1h.outbrain.com failed. @ https://www.lemonde.fr/politique/article/2026/03/27/budget-sebastien-lecornu-sonne-la-mobilisation-a-bercy-malgre-un-deficit-public-2025-plus-limite-que-prevu_6674482_823448.html:0
[  141315ms] [ERROR] Attestation check for Protected Audience on https://shb.richaudience.com failed. @ https://www.lemonde.fr/politique/article/2026/03/27/budget-sebastien-lecornu-sonne-la-mobilisation-a-bercy-malgre-un-deficit-public-2025-plus-limite-que-prevu_6674482_823448.html:0
[  141315ms] [ERROR] Attestation check for Protected Audience on https://fast.nexx360.io failed. @ https://www.lemonde.fr/politique/article/2026/03/27/budget-sebastien-lecornu-sonne-la-mobilisation-a-bercy-malgre-un-deficit-public-2025-plus-limite-que-prevu_6674482_823448.html:0
[  141315ms] [ERROR] Attestation check for Protected Audience on https://tlx.3lift.com failed. @ https://www.lemonde.fr/politique/article/2026/03/27/budget-sebastien-lecornu-sonne-la-mobilisation-a-bercy-malgre-un-deficit-public-2025-plus-limite-que-prevu_6674482_823448.html:0
[  141315ms] [ERROR] Attestation check for Protected Audience on https://prg.smartadserver.com failed. @ https://www.lemonde.fr/politique/article/2026/03/27/budget-sebastien-lecornu-sonne-la-mobilisation-a-bercy-malgre-un-deficit-public-2025-plus-limite-que-prevu_6674482_823448.html:0
[  141316ms] [ERROR] Attestation check for Protected Audience on https://prg.smartadserver.com failed. @ https://www.lemonde.fr/politique/article/2026/03/27/budget-sebastien-lecornu-sonne-la-mobilisation-a-bercy-malgre-un-deficit-public-2025-plus-limite-que-prevu_6674482_823448.html:0
[  141316ms] [ERROR] Attestation check for Protected Audience on https://ssb-global.smartadserver.com failed. @ https://www.lemonde.fr/politique/article/2026/03/27/budget-sebastien-lecornu-sonne-la-mobilisation-a-bercy-malgre-un-deficit-public-2025-plus-limite-que-prevu_6674482_823448.html:0
[  141316ms] [ERROR] Attestation check for Protected Audience on https://ssb-global.smartadserver.com failed. @ https://www.lemonde.fr/politique/article/2026/03/27/budget-sebastien-lecornu-sonne-la-mobilisation-a-bercy-malgre-un-deficit-public-2025-plus-limite-que-prevu_6674482_823448.html:0
[  141320ms] [ERROR] Attestation check for Protected Audience on https://ad.360yield.com failed. @ https://www.lemonde.fr/politique/article/2026/03/27/budget-sebastien-lecornu-sonne-la-mobilisation-a-bercy-malgre-un-deficit-public-2025-plus-limite-que-prevu_6674482_823448.html:0
[  141323ms] [ERROR] Attestation check for Protected Audience on https://grid-bidder.criteo.com failed. @ https://www.lemonde.fr/politique/article/2026/03/27/budget-sebastien-lecornu-sonne-la-mobilisation-a-bercy-malgre-un-deficit-public-2025-plus-limite-que-prevu_6674482_823448.html:0
[    3691ms] [ERROR] Attestation check for Shared Storage on https://www.googleadservices.com failed. @ https://www.googleadservices.com/pagead/managed/js/activeview/current/reach_worklet.html:0
[    3795ms] [ERROR] Attestation check for Shared Storage on https://www.googleadservices.com failed. @ https://www.googleadservices.com/pagead/managed/js/activeview/current/reach_worklet.html:0
[   31673ms] [ERROR] Attestation check for Shared Storage on https://www.googleadservices.com failed. @ https://www.googleadservices.com/pagead/managed/js/activeview/current/reach_worklet.html:0
[   59870ms] [ERROR] Attestation check for Shared Storage on https://www.googleadservices.com failed. @ https://www.googleadservices.com/pagead/managed/js/activeview/current/reach_worklet.html:0
[   88100ms] [ERROR] Attestation check for Shared Storage on https://www.googleadservices.com failed. @ https://www.googleadservices.com/pagead/managed/js/activeview/current/reach_worklet.html:0
[  116259ms] [ERROR] Attestation check for Shared Storage on https://www.googleadservices.com failed. @ https://www.googleadservices.com/pagead/managed/js/activeview/current/reach_worklet.html:0
[  144423ms] [ERROR] Attestation check for Shared Storage on https://www.googleadservices.com failed. @ https://www.googleadservices.com/pagead/managed/js/activeview/current/reach_worklet.html:0
[  169450ms] [ERROR] Attestation check for Protected Audience on https://shb.richaudience.com failed. @ https://www.lemonde.fr/politique/article/2026/03/27/budget-sebastien-lecornu-sonne-la-mobilisation-a-bercy-malgre-un-deficit-public-2025-plus-limite-que-prevu_6674482_823448.html:0
[  169450ms] [ERROR] Attestation check for Protected Audience on https://pbs-front.mediasquare.fr failed. @ https://www.lemonde.fr/politique/article/2026/03/27/budget-sebastien-lecornu-sonne-la-mobilisation-a-bercy-malgre-un-deficit-public-2025-plus-limite-que-prevu_6674482_823448.html:0
[  169450ms] [ERROR] Attestation check for Protected Audience on https://direct.adsrvr.org failed. @ https://www.lemonde.fr/politique/article/2026/03/27/budget-sebastien-lecornu-sonne-la-mobilisation-a-bercy-malgre-un-deficit-public-2025-plus-limite-que-prevu_6674482_823448.html:0
[  169450ms] [ERROR] Attestation check for Protected Audience on https://pbjs.sskzlabs.com failed. @ https://www.lemonde.fr/politique/article/2026/03/27/budget-sebastien-lecornu-sonne-la-mobilisation-a-bercy-malgre-un-deficit-public-2025-plus-limite-que-prevu_6674482_823448.html:0
[  169450ms] [ERROR] Attestation check for Protected Audience on https://shb.richaudience.com failed. @ https://www.lemonde.fr/politique/article/2026/03/27/budget-sebastien-lecornu-sonne-la-mobilisation-a-bercy-malgre-un-deficit-public-2025-plus-limite-que-prevu_6674482_823448.html:0
[  169450ms] [ERROR] Attestation check for Protected Audience on https://shb.richaudience.com failed. @ https://www.lemonde.fr/politique/article/2026/03/27/budget-sebastien-lecornu-sonne-la-mobilisation-a-bercy-malgre-un-deficit-public-2025-plus-limite-que-prevu_6674482_823448.html:0
[  169451ms] [ERROR] Attestation check for Protected Audience on https://mweb-hb.presage.io failed. @ https://www.lemonde.fr/politique/article/2026/03/27/budget-sebastien-lecornu-sonne-la-mobilisation-a-bercy-malgre-un-deficit-public-2025-plus-limite-que-prevu_6674482_823448.html:0
[  169451ms] [ERROR] Attestation check for Protected Audience on https://g2.gumgum.com failed. @ https://www.lemonde.fr/politique/article/2026/03/27/budget-sebastien-lecornu-sonne-la-mobilisation-a-bercy-malgre-un-deficit-public-2025-plus-limite-que-prevu_6674482_823448.html:0
[  169451ms] [ERROR] Attestation check for Protected Audience on https://tlx.3lift.com failed. @ https://www.lemonde.fr/politique/article/2026/03/27/budget-sebastien-lecornu-sonne-la-mobilisation-a-bercy-malgre-un-deficit-public-2025-plus-limite-que-prevu_6674482_823448.html:0
[  169451ms] [ERROR] Attestation check for Protected Audience on https://ssb-global.smartadserver.com failed. @ https://www.lemonde.fr/politique/article/2026/03/27/budget-sebastien-lecornu-sonne-la-mobilisation-a-bercy-malgre-un-deficit-public-2025-plus-limite-que-prevu_6674482_823448.html:0
[  169451ms] [ERROR] Attestation check for Protected Audience on https://ssb-global.smartadserver.com failed. @ https://www.lemonde.fr/politique/article/2026/03/27/budget-sebastien-lecornu-sonne-la-mobilisation-a-bercy-malgre-un-deficit-public-2025-plus-limite-que-prevu_6674482_823448.html:0
[  169451ms] [ERROR] Attestation check for Protected Audience on https://prg.smartadserver.com failed. @ https://www.lemonde.fr/politique/article/2026/03/27/budget-sebastien-lecornu-sonne-la-mobilisation-a-bercy-malgre-un-deficit-public-2025-plus-limite-que-prevu_6674482_823448.html:0
[  169451ms] [ERROR] Attestation check for Protected Audience on https://prg.smartadserver.com failed. @ https://www.lemonde.fr/politique/article/2026/03/27/budget-sebastien-lecornu-sonne-la-mobilisation-a-bercy-malgre-un-deficit-public-2025-plus-limite-que-prevu_6674482_823448.html:0
[  169451ms] [ERROR] Attestation check for Protected Audience on https://b1h.outbrain.com failed. @ https://www.lemonde.fr/politique/article/2026/03/27/budget-sebastien-lecornu-sonne-la-mobilisation-a-bercy-malgre-un-deficit-public-2025-plus-limite-que-prevu_6674482_823448.html:0
[  169451ms] [ERROR] Attestation check for Protected Audience on https://htlb.casalemedia.com failed. @ https://www.lemonde.fr/politique/article/2026/03/27/budget-sebastien-lecornu-sonne-la-mobilisation-a-bercy-malgre-un-deficit-public-2025-plus-limite-que-prevu_6674482_823448.html:0
[  169451ms] [ERROR] Attestation check for Protected Audience on https://fast.nexx360.io failed. @ https://www.lemonde.fr/politique/article/2026/03/27/budget-sebastien-lecornu-sonne-la-mobilisation-a-bercy-malgre-un-deficit-public-2025-plus-limite-que-prevu_6674482_823448.html:0
[  169451ms] [ERROR] Attestation check for Protected Audience on https://ib.adnxs.com failed. @ https://www.lemonde.fr/politique/article/2026/03/27/budget-sebastien-lecornu-sonne-la-mobilisation-a-bercy-malgre-un-deficit-public-2025-plus-limite-que-prevu_6674482_823448.html:0
[  169457ms] [ERROR] Attestation check for Protected Audience on https://ad.360yield.com failed. @ https://www.lemonde.fr/politique/article/2026/03/27/budget-sebastien-lecornu-sonne-la-mobilisation-a-bercy-malgre-un-deficit-public-2025-plus-limite-que-prevu_6674482_823448.html:0
[  169458ms] [ERROR] Attestation check for Protected Audience on https://grid-bidder.criteo.com failed. @ https://www.lemonde.fr/politique/article/2026/03/27/budget-sebastien-lecornu-sonne-la-mobilisation-a-bercy-malgre-un-deficit-public-2025-plus-limite-que-prevu_6674482_823448.html:0
[    3691ms] [ERROR] Attestation check for Shared Storage on https://www.googleadservices.com failed. @ https://www.googleadservices.com/pagead/managed/js/activeview/current/reach_worklet.html:0
[    3795ms] [ERROR] Attestation check for Shared Storage on https://www.googleadservices.com failed. @ https://www.googleadservices.com/pagead/managed/js/activeview/current/reach_worklet.html:0
[   31673ms] [ERROR] Attestation check for Shared Storage on https://www.googleadservices.com failed. @ https://www.googleadservices.com/pagead/managed/js/activeview/current/reach_worklet.html:0
[   59870ms] [ERROR] Attestation check for Shared Storage on https://www.googleadservices.com failed. @ https://www.googleadservices.com/pagead/managed/js/activeview/current/reach_worklet.html:0
[   88100ms] [ERROR] Attestation check for Shared Storage on https://www.googleadservices.com failed. @ https://www.googleadservices.com/pagead/managed/js/activeview/current/reach_worklet.html:0
[  116259ms] [ERROR] Attestation check for Shared Storage on https://www.googleadservices.com failed. @ https://www.googleadservices.com/pagead/managed/js/activeview/current/reach_worklet.html:0
[  144423ms] [ERROR] Attestation check for Shared Storage on https://www.googleadservices.com failed. @ https://www.googleadservices.com/pagead/managed/js/activeview/current/reach_worklet.html:0
[  172717ms] [ERROR] Attestation check for Shared Storage on https://www.googleadservices.com failed. @ https://www.googleadservices.com/pagead/managed/js/activeview/current/reach_worklet.html:0
[  197964ms] [ERROR] Attestation check for Protected Audience on https://prg.smartadserver.com failed. @ https://www.lemonde.fr/politique/article/2026/03/27/budget-sebastien-lecornu-sonne-la-mobilisation-a-bercy-malgre-un-deficit-public-2025-plus-limite-que-prevu_6674482_823448.html:0
[  197964ms] [ERROR] Attestation check for Protected Audience on https://prg.smartadserver.com failed. @ https://www.lemonde.fr/politique/article/2026/03/27/budget-sebastien-lecornu-sonne-la-mobilisation-a-bercy-malgre-un-deficit-public-2025-plus-limite-que-prevu_6674482_823448.html:0
[  197965ms] [ERROR] Attestation check for Protected Audience on https://direct.adsrvr.org failed. @ https://www.lemonde.fr/politique/article/2026/03/27/budget-sebastien-lecornu-sonne-la-mobilisation-a-bercy-malgre-un-deficit-public-2025-plus-limite-que-prevu_6674482_823448.html:0
[  197965ms] [ERROR] Attestation check for Protected Audience on https://shb.richaudience.com failed. @ https://www.lemonde.fr/politique/article/2026/03/27/budget-sebastien-lecornu-sonne-la-mobilisation-a-bercy-malgre-un-deficit-public-2025-plus-limite-que-prevu_6674482_823448.html:0
[  197965ms] [ERROR] Attestation check for Protected Audience on https://b1h.outbrain.com failed. @ https://www.lemonde.fr/politique/article/2026/03/27/budget-sebastien-lecornu-sonne-la-mobilisation-a-bercy-malgre-un-deficit-public-2025-plus-limite-que-prevu_6674482_823448.html:0
[  197965ms] [ERROR] Attestation check for Protected Audience on https://ssb-global.smartadserver.com failed. @ https://www.lemonde.fr/politique/article/2026/03/27/budget-sebastien-lecornu-sonne-la-mobilisation-a-bercy-malgre-un-deficit-public-2025-plus-limite-que-prevu_6674482_823448.html:0
[  197965ms] [ERROR] Attestation check for Protected Audience on https://ssb-global.smartadserver.com failed. @ https://www.lemonde.fr/politique/article/2026/03/27/budget-sebastien-lecornu-sonne-la-mobilisation-a-bercy-malgre-un-deficit-public-2025-plus-limite-que-prevu_6674482_823448.html:0
[  197965ms] [ERROR] Attestation check for Protected Audience on https://shb.richaudience.com failed. @ https://www.lemonde.fr/politique/article/2026/03/27/budget-sebastien-lecornu-sonne-la-mobilisation-a-bercy-malgre-un-deficit-public-2025-plus-limite-que-prevu_6674482_823448.html:0
[  197966ms] [ERROR] Attestation check for Protected Audience on https://shb.richaudience.com failed. @ https://www.lemonde.fr/politique/article/2026/03/27/budget-sebastien-lecornu-sonne-la-mobilisation-a-bercy-malgre-un-deficit-public-2025-plus-limite-que-prevu_6674482_823448.html:0
[  197967ms] [ERROR] Attestation check for Protected Audience on https://htlb.casalemedia.com failed. @ https://www.lemonde.fr/politique/article/2026/03/27/budget-sebastien-lecornu-sonne-la-mobilisation-a-bercy-malgre-un-deficit-public-2025-plus-limite-que-prevu_6674482_823448.html:0
[  197968ms] [ERROR] Attestation check for Protected Audience on https://pbs-front.mediasquare.fr failed. @ https://www.lemonde.fr/politique/article/2026/03/27/budget-sebastien-lecornu-sonne-la-mobilisation-a-bercy-malgre-un-deficit-public-2025-plus-limite-que-prevu_6674482_823448.html:0
[  197968ms] [ERROR] Attestation check for Protected Audience on https://tlx.3lift.com failed. @ https://www.lemonde.fr/politique/article/2026/03/27/budget-sebastien-lecornu-sonne-la-mobilisation-a-bercy-malgre-un-deficit-public-2025-plus-limite-que-prevu_6674482_823448.html:0
[  197968ms] [ERROR] Attestation check for Protected Audience on https://ib.adnxs.com failed. @ https://www.lemonde.fr/politique/article/2026/03/27/budget-sebastien-lecornu-sonne-la-mobilisation-a-bercy-malgre-un-deficit-public-2025-plus-limite-que-prevu_6674482_823448.html:0
[  197968ms] [ERROR] Attestation check for Protected Audience on https://g2.gumgum.com failed. @ https://www.lemonde.fr/politique/article/2026/03/27/budget-sebastien-lecornu-sonne-la-mobilisation-a-bercy-malgre-un-deficit-public-2025-plus-limite-que-prevu_6674482_823448.html:0
[  197968ms] [ERROR] Attestation check for Protected Audience on https://pbjs.sskzlabs.com failed. @ https://www.lemonde.fr/politique/article/2026/03/27/budget-sebastien-lecornu-sonne-la-mobilisation-a-bercy-malgre-un-deficit-public-2025-plus-limite-que-prevu_6674482_823448.html:0
[  197969ms] [ERROR] Attestation check for Protected Audience on https://fast.nexx360.io failed. @ https://www.lemonde.fr/politique/article/2026/03/27/budget-sebastien-lecornu-sonne-la-mobilisation-a-bercy-malgre-un-deficit-public-2025-plus-limite-que-prevu_6674482_823448.html:0
[  197970ms] [ERROR] Attestation check for Protected Audience on https://mweb-hb.presage.io failed. @ https://www.lemonde.fr/politique/article/2026/03/27/budget-sebastien-lecornu-sonne-la-mobilisation-a-bercy-malgre-un-deficit-public-2025-plus-limite-que-prevu_6674482_823448.html:0
[  197988ms] [ERROR] Attestation check for Protected Audience on https://grid-bidder.criteo.com failed. @ https://www.lemonde.fr/politique/article/2026/03/27/budget-sebastien-lecornu-sonne-la-mobilisation-a-bercy-malgre-un-deficit-public-2025-plus-limite-que-prevu_6674482_823448.html:0
[  197993ms] [ERROR] Attestation check for Protected Audience on https://ad.360yield.com failed. @ https://www.lemonde.fr/politique/article/2026/03/27/budget-sebastien-lecornu-sonne-la-mobilisation-a-bercy-malgre-un-deficit-public-2025-plus-limite-que-prevu_6674482_823448.html:0
[    3691ms] [ERROR] Attestation check for Shared Storage on https://www.googleadservices.com failed. @ https://www.googleadservices.com/pagead/managed/js/activeview/current/reach_worklet.html:0
[    3795ms] [ERROR] Attestation check for Shared Storage on https://www.googleadservices.com failed. @ https://www.googleadservices.com/pagead/managed/js/activeview/current/reach_worklet.html:0
[   31673ms] [ERROR] Attestation check for Shared Storage on https://www.googleadservices.com failed. @ https://www.googleadservices.com/pagead/managed/js/activeview/current/reach_worklet.html:0
[   59870ms] [ERROR] Attestation check for Shared Storage on https://www.googleadservices.com failed. @ https://www.googleadservices.com/pagead/managed/js/activeview/current/reach_worklet.html:0
[   88100ms] [ERROR] Attestation check for Shared Storage on https://www.googleadservices.com failed. @ https://www.googleadservices.com/pagead/managed/js/activeview/current/reach_worklet.html:0
[  116259ms] [ERROR] Attestation check for Shared Storage on https://www.googleadservices.com failed. @ https://www.googleadservices.com/pagead/managed/js/activeview/current/reach_worklet.html:0
[  144423ms] [ERROR] Attestation check for Shared Storage on https://www.googleadservices.com failed. @ https://www.googleadservices.com/pagead/managed/js/activeview/current/reach_worklet.html:0
[  172717ms] [ERROR] Attestation check for Shared Storage on https://www.googleadservices.com failed. @ https://www.googleadservices.com/pagead/managed/js/activeview/current/reach_worklet.html:0
[  201367ms] [ERROR] Attestation check for Shared Storage on https://www.googleadservices.com failed. @ https://www.googleadservices.com/pagead/managed/js/activeview/current/reach_worklet.html:0
[  226388ms] [ERROR] Attestation check for Protected Audience on https://prg.smartadserver.com failed. @ https://www.lemonde.fr/politique/article/2026/03/27/budget-sebastien-lecornu-sonne-la-mobilisation-a-bercy-malgre-un-deficit-public-2025-plus-limite-que-prevu_6674482_823448.html:0
[  226389ms] [ERROR] Attestation check for Protected Audience on https://prg.smartadserver.com failed. @ https://www.lemonde.fr/politique/article/2026/03/27/budget-sebastien-lecornu-sonne-la-mobilisation-a-bercy-malgre-un-deficit-public-2025-plus-limite-que-prevu_6674482_823448.html:0
[  226389ms] [ERROR] Attestation check for Protected Audience on https://ib.adnxs.com failed. @ https://www.lemonde.fr/politique/article/2026/03/27/budget-sebastien-lecornu-sonne-la-mobilisation-a-bercy-malgre-un-deficit-public-2025-plus-limite-que-prevu_6674482_823448.html:0
[  226389ms] [ERROR] Attestation check for Protected Audience on https://shb.richaudience.com failed. @ https://www.lemonde.fr/politique/article/2026/03/27/budget-sebastien-lecornu-sonne-la-mobilisation-a-bercy-malgre-un-deficit-public-2025-plus-limite-que-prevu_6674482_823448.html:0
[  226389ms] [ERROR] Attestation check for Protected Audience on https://direct.adsrvr.org failed. @ https://www.lemonde.fr/politique/article/2026/03/27/budget-sebastien-lecornu-sonne-la-mobilisation-a-bercy-malgre-un-deficit-public-2025-plus-limite-que-prevu_6674482_823448.html:0
[  226389ms] [ERROR] Attestation check for Protected Audience on https://htlb.casalemedia.com failed. @ https://www.lemonde.fr/politique/article/2026/03/27/budget-sebastien-lecornu-sonne-la-mobilisation-a-bercy-malgre-un-deficit-public-2025-plus-limite-que-prevu_6674482_823448.html:0
[  226389ms] [ERROR] Attestation check for Protected Audience on https://fast.nexx360.io failed. @ https://www.lemonde.fr/politique/article/2026/03/27/budget-sebastien-lecornu-sonne-la-mobilisation-a-bercy-malgre-un-deficit-public-2025-plus-limite-que-prevu_6674482_823448.html:0
[  226389ms] [ERROR] Attestation check for Protected Audience on https://tlx.3lift.com failed. @ https://www.lemonde.fr/politique/article/2026/03/27/budget-sebastien-lecornu-sonne-la-mobilisation-a-bercy-malgre-un-deficit-public-2025-plus-limite-que-prevu_6674482_823448.html:0
[  226389ms] [ERROR] Attestation check for Protected Audience on https://b1h.outbrain.com failed. @ https://www.lemonde.fr/politique/article/2026/03/27/budget-sebastien-lecornu-sonne-la-mobilisation-a-bercy-malgre-un-deficit-public-2025-plus-limite-que-prevu_6674482_823448.html:0
[  226389ms] [ERROR] Attestation check for Protected Audience on https://mweb-hb.presage.io failed. @ https://www.lemonde.fr/politique/article/2026/03/27/budget-sebastien-lecornu-sonne-la-mobilisation-a-bercy-malgre-un-deficit-public-2025-plus-limite-que-prevu_6674482_823448.html:0
[  226389ms] [ERROR] Attestation check for Protected Audience on https://pbjs.sskzlabs.com failed. @ https://www.lemonde.fr/politique/article/2026/03/27/budget-sebastien-lecornu-sonne-la-mobilisation-a-bercy-malgre-un-deficit-public-2025-plus-limite-que-prevu_6674482_823448.html:0
[  226389ms] [ERROR] Attestation check for Protected Audience on https://g2.gumgum.com failed. @ https://www.lemonde.fr/politique/article/2026/03/27/budget-sebastien-lecornu-sonne-la-mobilisation-a-bercy-malgre-un-deficit-public-2025-plus-limite-que-prevu_6674482_823448.html:0
[  226389ms] [ERROR] Attestation check for Protected Audience on https://ssb-global.smartadserver.com failed. @ https://www.lemonde.fr/politique/article/2026/03/27/budget-sebastien-lecornu-sonne-la-mobilisation-a-bercy-malgre-un-deficit-public-2025-plus-limite-que-prevu_6674482_823448.html:0
[  226389ms] [ERROR] Attestation check for Protected Audience on https://ssb-global.smartadserver.com failed. @ https://www.lemonde.fr/politique/article/2026/03/27/budget-sebastien-lecornu-sonne-la-mobilisation-a-bercy-malgre-un-deficit-public-2025-plus-limite-que-prevu_6674482_823448.html:0
[  226389ms] [ERROR] Attestation check for Protected Audience on https://shb.richaudience.com failed. @ https://www.lemonde.fr/politique/article/2026/03/27/budget-sebastien-lecornu-sonne-la-mobilisation-a-bercy-malgre-un-deficit-public-2025-plus-limite-que-prevu_6674482_823448.html:0
[  226389ms] [ERROR] Attestation check for Protected Audience on https://shb.richaudience.com failed. @ https://www.lemonde.fr/politique/article/2026/03/27/budget-sebastien-lecornu-sonne-la-mobilisation-a-bercy-malgre-un-deficit-public-2025-plus-limite-que-prevu_6674482_823448.html:0
[  226389ms] [ERROR] Attestation check for Protected Audience on https://pbs-front.mediasquare.fr failed. @ https://www.lemonde.fr/politique/article/2026/03/27/budget-sebastien-lecornu-sonne-la-mobilisation-a-bercy-malgre-un-deficit-public-2025-plus-limite-que-prevu_6674482_823448.html:0
[  226395ms] [ERROR] Attestation check for Protected Audience on https://grid-bidder.criteo.com failed. @ https://www.lemonde.fr/politique/article/2026/03/27/budget-sebastien-lecornu-sonne-la-mobilisation-a-bercy-malgre-un-deficit-public-2025-plus-limite-que-prevu_6674482_823448.html:0
[  226395ms] [ERROR] Attestation check for Protected Audience on https://ad.360yield.com failed. @ https://www.lemonde.fr/politique/article/2026/03/27/budget-sebastien-lecornu-sonne-la-mobilisation-a-bercy-malgre-un-deficit-public-2025-plus-limite-que-prevu_6674482_823448.html:0
[    3691ms] [ERROR] Attestation check for Shared Storage on https://www.googleadservices.com failed. @ https://www.googleadservices.com/pagead/managed/js/activeview/current/reach_worklet.html:0
[    3795ms] [ERROR] Attestation check for Shared Storage on https://www.googleadservices.com failed. @ https://www.googleadservices.com/pagead/managed/js/activeview/current/reach_worklet.html:0
[   31673ms] [ERROR] Attestation check for Shared Storage on https://www.googleadservices.com failed. @ https://www.googleadservices.com/pagead/managed/js/activeview/current/reach_worklet.html:0
[   59870ms] [ERROR] Attestation check for Shared Storage on https://www.googleadservices.com failed. @ https://www.googleadservices.com/pagead/managed/js/activeview/current/reach_worklet.html:0
[   88100ms] [ERROR] Attestation check for Shared Storage on https://www.googleadservices.com failed. @ https://www.googleadservices.com/pagead/managed/js/activeview/current/reach_worklet.html:0
[  116259ms] [ERROR] Attestation check for Shared Storage on https://www.googleadservices.com failed. @ https://www.googleadservices.com/pagead/managed/js/activeview/current/reach_worklet.html:0
[  144423ms] [ERROR] Attestation check for Shared Storage on https://www.googleadservices.com failed. @ https://www.googleadservices.com/pagead/managed/js/activeview/current/reach_worklet.html:0
[  172717ms] [ERROR] Attestation check for Shared Storage on https://www.googleadservices.com failed. @ https://www.googleadservices.com/pagead/managed/js/activeview/current/reach_worklet.html:0
[  201367ms] [ERROR] Attestation check for Shared Storage on https://www.googleadservices.com failed. @ https://www.googleadservices.com/pagead/managed/js/activeview/current/reach_worklet.html:0
[  229642ms] [ERROR] Attestation check for Shared Storage on https://www.googleadservices.com failed. @ https://www.googleadservices.com/pagead/managed/js/activeview/current/reach_worklet.html:0
[  254703ms] [ERROR] Attestation check for Protected Audience on https://fast.nexx360.io failed. @ https://www.lemonde.fr/politique/article/2026/03/27/budget-sebastien-lecornu-sonne-la-mobilisation-a-bercy-malgre-un-deficit-public-2025-plus-limite-que-prevu_6674482_823448.html:0
[  254704ms] [ERROR] Attestation check for Protected Audience on https://ib.adnxs.com failed. @ https://www.lemonde.fr/politique/article/2026/03/27/budget-sebastien-lecornu-sonne-la-mobilisation-a-bercy-malgre-un-deficit-public-2025-plus-limite-que-prevu_6674482_823448.html:0
[  254704ms] [ERROR] Attestation check for Protected Audience on https://shb.richaudience.com failed. @ https://www.lemonde.fr/politique/article/2026/03/27/budget-sebastien-lecornu-sonne-la-mobilisation-a-bercy-malgre-un-deficit-public-2025-plus-limite-que-prevu_6674482_823448.html:0
[  254704ms] [ERROR] Attestation check for Protected Audience on https://g2.gumgum.com failed. @ https://www.lemonde.fr/politique/article/2026/03/27/budget-sebastien-lecornu-sonne-la-mobilisation-a-bercy-malgre-un-deficit-public-2025-plus-limite-que-prevu_6674482_823448.html:0
[  254704ms] [ERROR] Attestation check for Protected Audience on https://shb.richaudience.com failed. @ https://www.lemonde.fr/politique/article/2026/03/27/budget-sebastien-lecornu-sonne-la-mobilisation-a-bercy-malgre-un-deficit-public-2025-plus-limite-que-prevu_6674482_823448.html:0
[  254704ms] [ERROR] Attestation check for Protected Audience on https://shb.richaudience.com failed. @ https://www.lemonde.fr/politique/article/2026/03/27/budget-sebastien-lecornu-sonne-la-mobilisation-a-bercy-malgre-un-deficit-public-2025-plus-limite-que-prevu_6674482_823448.html:0
[  254704ms] [ERROR] Attestation check for Protected Audience on https://ssb-global.smartadserver.com failed. @ https://www.lemonde.fr/politique/article/2026/03/27/budget-sebastien-lecornu-sonne-la-mobilisation-a-bercy-malgre-un-deficit-public-2025-plus-limite-que-prevu_6674482_823448.html:0
[  254704ms] [ERROR] Attestation check for Protected Audience on https://ssb-global.smartadserver.com failed. @ https://www.lemonde.fr/politique/article/2026/03/27/budget-sebastien-lecornu-sonne-la-mobilisation-a-bercy-malgre-un-deficit-public-2025-plus-limite-que-prevu_6674482_823448.html:0
[  254704ms] [ERROR] Attestation check for Protected Audience on https://pbs-front.mediasquare.fr failed. @ https://www.lemonde.fr/politique/article/2026/03/27/budget-sebastien-lecornu-sonne-la-mobilisation-a-bercy-malgre-un-deficit-public-2025-plus-limite-que-prevu_6674482_823448.html:0
[  254704ms] [ERROR] Attestation check for Protected Audience on https://htlb.casalemedia.com failed. @ https://www.lemonde.fr/politique/article/2026/03/27/budget-sebastien-lecornu-sonne-la-mobilisation-a-bercy-malgre-un-deficit-public-2025-plus-limite-que-prevu_6674482_823448.html:0
[  254704ms] [ERROR] Attestation check for Protected Audience on https://pbjs.sskzlabs.com failed. @ https://www.lemonde.fr/politique/article/2026/03/27/budget-sebastien-lecornu-sonne-la-mobilisation-a-bercy-malgre-un-deficit-public-2025-plus-limite-que-prevu_6674482_823448.html:0
[  254704ms] [ERROR] Attestation check for Protected Audience on https://mweb-hb.presage.io failed. @ https://www.lemonde.fr/politique/article/2026/03/27/budget-sebastien-lecornu-sonne-la-mobilisation-a-bercy-malgre-un-deficit-public-2025-plus-limite-que-prevu_6674482_823448.html:0
[  254704ms] [ERROR] Attestation check for Protected Audience on https://b1h.outbrain.com failed. @ https://www.lemonde.fr/politique/article/2026/03/27/budget-sebastien-lecornu-sonne-la-mobilisation-a-bercy-malgre-un-deficit-public-2025-plus-limite-que-prevu_6674482_823448.html:0
[  254704ms] [ERROR] Attestation check for Protected Audience on https://prg.smartadserver.com failed. @ https://www.lemonde.fr/politique/article/2026/03/27/budget-sebastien-lecornu-sonne-la-mobilisation-a-bercy-malgre-un-deficit-public-2025-plus-limite-que-prevu_6674482_823448.html:0
[  254704ms] [ERROR] Attestation check for Protected Audience on https://prg.smartadserver.com failed. @ https://www.lemonde.fr/politique/article/2026/03/27/budget-sebastien-lecornu-sonne-la-mobilisation-a-bercy-malgre-un-deficit-public-2025-plus-limite-que-prevu_6674482_823448.html:0
[  254704ms] [ERROR] Attestation check for Protected Audience on https://tlx.3lift.com failed. @ https://www.lemonde.fr/politique/article/2026/03/27/budget-sebastien-lecornu-sonne-la-mobilisation-a-bercy-malgre-un-deficit-public-2025-plus-limite-que-prevu_6674482_823448.html:0
[  254704ms] [ERROR] Attestation check for Protected Audience on https://direct.adsrvr.org failed. @ https://www.lemonde.fr/politique/article/2026/03/27/budget-sebastien-lecornu-sonne-la-mobilisation-a-bercy-malgre-un-deficit-public-2025-plus-limite-que-prevu_6674482_823448.html:0
[  254713ms] [ERROR] Attestation check for Protected Audience on https://grid-bidder.criteo.com failed. @ https://www.lemonde.fr/politique/article/2026/03/27/budget-sebastien-lecornu-sonne-la-mobilisation-a-bercy-malgre-un-deficit-public-2025-plus-limite-que-prevu_6674482_823448.html:0
[  254714ms] [ERROR] Attestation check for Protected Audience on https://ad.360yield.com failed. @ https://www.lemonde.fr/politique/article/2026/03/27/budget-sebastien-lecornu-sonne-la-mobilisation-a-bercy-malgre-un-deficit-public-2025-plus-limite-que-prevu_6674482_823448.html:0
[    3691ms] [ERROR] Attestation check for Shared Storage on https://www.googleadservices.com failed. @ https://www.googleadservices.com/pagead/managed/js/activeview/current/reach_worklet.html:0
[    3795ms] [ERROR] Attestation check for Shared Storage on https://www.googleadservices.com failed. @ https://www.googleadservices.com/pagead/managed/js/activeview/current/reach_worklet.html:0
[   31673ms] [ERROR] Attestation check for Shared Storage on https://www.googleadservices.com failed. @ https://www.googleadservices.com/pagead/managed/js/activeview/current/reach_worklet.html:0
[   59870ms] [ERROR] Attestation check for Shared Storage on https://www.googleadservices.com failed. @ https://www.googleadservices.com/pagead/managed/js/activeview/current/reach_worklet.html:0
[   88100ms] [ERROR] Attestation check for Shared Storage on https://www.googleadservices.com failed. @ https://www.googleadservices.com/pagead/managed/js/activeview/current/reach_worklet.html:0
[  116259ms] [ERROR] Attestation check for Shared Storage on https://www.googleadservices.com failed. @ https://www.googleadservices.com/pagead/managed/js/activeview/current/reach_worklet.html:0
[  144423ms] [ERROR] Attestation check for Shared Storage on https://www.googleadservices.com failed. @ https://www.googleadservices.com/pagead/managed/js/activeview/current/reach_worklet.html:0
[  172717ms] [ERROR] Attestation check for Shared Storage on https://www.googleadservices.com failed. @ https://www.googleadservices.com/pagead/managed/js/activeview/current/reach_worklet.html:0
[  201367ms] [ERROR] Attestation check for Shared Storage on https://www.googleadservices.com failed. @ https://www.googleadservices.com/pagead/managed/js/activeview/current/reach_worklet.html:0
[  229642ms] [ERROR] Attestation check for Shared Storage on https://www.googleadservices.com failed. @ https://www.googleadservices.com/pagead/managed/js/activeview/current/reach_worklet.html:0
[  257788ms] [ERROR] Attestation check for Shared Storage on https://www.googleadservices.com failed. @ https://www.googleadservices.com/pagead/managed/js/activeview/current/reach_worklet.html:0
[  282837ms] [ERROR] Attestation check for Protected Audience on https://ib.adnxs.com failed. @ https://www.lemonde.fr/politique/article/2026/03/27/budget-sebastien-lecornu-sonne-la-mobilisation-a-bercy-malgre-un-deficit-public-2025-plus-limite-que-prevu_6674482_823448.html:0
[  282837ms] [ERROR] Attestation check for Protected Audience on https://direct.adsrvr.org failed. @ https://www.lemonde.fr/politique/article/2026/03/27/budget-sebastien-lecornu-sonne-la-mobilisation-a-bercy-malgre-un-deficit-public-2025-plus-limite-que-prevu_6674482_823448.html:0
[  282837ms] [ERROR] Attestation check for Protected Audience on https://prg.smartadserver.com failed. @ https://www.lemonde.fr/politique/article/2026/03/27/budget-sebastien-lecornu-sonne-la-mobilisation-a-bercy-malgre-un-deficit-public-2025-plus-limite-que-prevu_6674482_823448.html:0
[  282837ms] [ERROR] Attestation check for Protected Audience on https://prg.smartadserver.com failed. @ https://www.lemonde.fr/politique/article/2026/03/27/budget-sebastien-lecornu-sonne-la-mobilisation-a-bercy-malgre-un-deficit-public-2025-plus-limite-que-prevu_6674482_823448.html:0
[  282837ms] [ERROR] Attestation check for Protected Audience on https://pbs-front.mediasquare.fr failed. @ https://www.lemonde.fr/politique/article/2026/03/27/budget-sebastien-lecornu-sonne-la-mobilisation-a-bercy-malgre-un-deficit-public-2025-plus-limite-que-prevu_6674482_823448.html:0
[  282837ms] [ERROR] Attestation check for Protected Audience on https://shb.richaudience.com failed. @ https://www.lemonde.fr/politique/article/2026/03/27/budget-sebastien-lecornu-sonne-la-mobilisation-a-bercy-malgre-un-deficit-public-2025-plus-limite-que-prevu_6674482_823448.html:0
[  282837ms] [ERROR] Attestation check for Protected Audience on https://mweb-hb.presage.io failed. @ https://www.lemonde.fr/politique/article/2026/03/27/budget-sebastien-lecornu-sonne-la-mobilisation-a-bercy-malgre-un-deficit-public-2025-plus-limite-que-prevu_6674482_823448.html:0
[  282837ms] [ERROR] Attestation check for Protected Audience on https://b1h.outbrain.com failed. @ https://www.lemonde.fr/politique/article/2026/03/27/budget-sebastien-lecornu-sonne-la-mobilisation-a-bercy-malgre-un-deficit-public-2025-plus-limite-que-prevu_6674482_823448.html:0
[  282837ms] [ERROR] Attestation check for Protected Audience on https://htlb.casalemedia.com failed. @ https://www.lemonde.fr/politique/article/2026/03/27/budget-sebastien-lecornu-sonne-la-mobilisation-a-bercy-malgre-un-deficit-public-2025-plus-limite-que-prevu_6674482_823448.html:0
[  282838ms] [ERROR] Attestation check for Protected Audience on https://fast.nexx360.io failed. @ https://www.lemonde.fr/politique/article/2026/03/27/budget-sebastien-lecornu-sonne-la-mobilisation-a-bercy-malgre-un-deficit-public-2025-plus-limite-que-prevu_6674482_823448.html:0
[  282838ms] [ERROR] Attestation check for Protected Audience on https://shb.richaudience.com failed. @ https://www.lemonde.fr/politique/article/2026/03/27/budget-sebastien-lecornu-sonne-la-mobilisation-a-bercy-malgre-un-deficit-public-2025-plus-limite-que-prevu_6674482_823448.html:0
[  282838ms] [ERROR] Attestation check for Protected Audience on https://shb.richaudience.com failed. @ https://www.lemonde.fr/politique/article/2026/03/27/budget-sebastien-lecornu-sonne-la-mobilisation-a-bercy-malgre-un-deficit-public-2025-plus-limite-que-prevu_6674482_823448.html:0
[  282838ms] [ERROR] Attestation check for Protected Audience on https://pbjs.sskzlabs.com failed. @ https://www.lemonde.fr/politique/article/2026/03/27/budget-sebastien-lecornu-sonne-la-mobilisation-a-bercy-malgre-un-deficit-public-2025-plus-limite-que-prevu_6674482_823448.html:0
[  282838ms] [ERROR] Attestation check for Protected Audience on https://g2.gumgum.com failed. @ https://www.lemonde.fr/politique/article/2026/03/27/budget-sebastien-lecornu-sonne-la-mobilisation-a-bercy-malgre-un-deficit-public-2025-plus-limite-que-prevu_6674482_823448.html:0
[  282838ms] [ERROR] Attestation check for Protected Audience on https://ssb-global.smartadserver.com failed. @ https://www.lemonde.fr/politique/article/2026/03/27/budget-sebastien-lecornu-sonne-la-mobilisation-a-bercy-malgre-un-deficit-public-2025-plus-limite-que-prevu_6674482_823448.html:0
[  282838ms] [ERROR] Attestation check for Protected Audience on https://ssb-global.smartadserver.com failed. @ https://www.lemonde.fr/politique/article/2026/03/27/budget-sebastien-lecornu-sonne-la-mobilisation-a-bercy-malgre-un-deficit-public-2025-plus-limite-que-prevu_6674482_823448.html:0
[  282838ms] [ERROR] Attestation check for Protected Audience on https://tlx.3lift.com failed. @ https://www.lemonde.fr/politique/article/2026/03/27/budget-sebastien-lecornu-sonne-la-mobilisation-a-bercy-malgre-un-deficit-public-2025-plus-limite-que-prevu_6674482_823448.html:0
[  282844ms] [ERROR] Attestation check for Protected Audience on https://grid-bidder.criteo.com failed. @ https://www.lemonde.fr/politique/article/2026/03/27/budget-sebastien-lecornu-sonne-la-mobilisation-a-bercy-malgre-un-deficit-public-2025-plus-limite-que-prevu_6674482_823448.html:0
[  282845ms] [ERROR] Attestation check for Protected Audience on https://ad.360yield.com failed. @ https://www.lemonde.fr/politique/article/2026/03/27/budget-sebastien-lecornu-sonne-la-mobilisation-a-bercy-malgre-un-deficit-public-2025-plus-limite-que-prevu_6674482_823448.html:0
[    3691ms] [ERROR] Attestation check for Shared Storage on https://www.googleadservices.com failed. @ https://www.googleadservices.com/pagead/managed/js/activeview/current/reach_worklet.html:0
[    3795ms] [ERROR] Attestation check for Shared Storage on https://www.googleadservices.com failed. @ https://www.googleadservices.com/pagead/managed/js/activeview/current/reach_worklet.html:0
[   31673ms] [ERROR] Attestation check for Shared Storage on https://www.googleadservices.com failed. @ https://www.googleadservices.com/pagead/managed/js/activeview/current/reach_worklet.html:0
[   59870ms] [ERROR] Attestation check for Shared Storage on https://www.googleadservices.com failed. @ https://www.googleadservices.com/pagead/managed/js/activeview/current/reach_worklet.html:0
[   88100ms] [ERROR] Attestation check for Shared Storage on https://www.googleadservices.com failed. @ https://www.googleadservices.com/pagead/managed/js/activeview/current/reach_worklet.html:0
[  116259ms] [ERROR] Attestation check for Shared Storage on https://www.googleadservices.com failed. @ https://www.googleadservices.com/pagead/managed/js/activeview/current/reach_worklet.html:0
[  144423ms] [ERROR] Attestation check for Shared Storage on https://www.googleadservices.com failed. @ https://www.googleadservices.com/pagead/managed/js/activeview/current/reach_worklet.html:0
[  172717ms] [ERROR] Attestation check for Shared Storage on https://www.googleadservices.com failed. @ https://www.googleadservices.com/pagead/managed/js/activeview/current/reach_worklet.html:0
[  201367ms] [ERROR] Attestation check for Shared Storage on https://www.googleadservices.com failed. @ https://www.googleadservices.com/pagead/managed/js/activeview/current/reach_worklet.html:0
[  229642ms] [ERROR] Attestation check for Shared Storage on https://www.googleadservices.com failed. @ https://www.googleadservices.com/pagead/managed/js/activeview/current/reach_worklet.html:0
[  257788ms] [ERROR] Attestation check for Shared Storage on https://www.googleadservices.com failed. @ https://www.googleadservices.com/pagead/managed/js/activeview/current/reach_worklet.html:0
[  285995ms] [ERROR] Attestation check for Shared Storage on https://www.googleadservices.com failed. @ https://www.googleadservices.com/pagead/managed/js/activeview/current/reach_worklet.html:0
